Listening for transport dt_socket at address: 9555

         ,--.
       ,--.'|
   ,--,:  : |                                           Nacos 1.0.0
,`--.'`|  ' :                       ,---.               Running in cluster mode, All function modules
|   :  :  | |                      '   ,'\   .--.--.    Port: 8848
:   |   \ | :  ,--.--.     ,---.  /   /   | /  /    '   Pid: 21
|   : '  '; | /       \   /     \.   ; ,. :|  :  /`./   Console: http://35ff26a78542:8848/nacos/index.html
'   ' ;.    ;.--.  .-. | /    / ''   | |: :|  :  ;_
|   | | \   | \__\/: . ..    ' / '   | .; : \  \    `.      https://nacos.io
'   : |  ; .' ," .--.; |'   ; :__|   :    |  `----.   \
|   | '`--'  /  /  ,.  |'   | '.'|\   \  /  /  /`--'  /
'   : |     ;  :   .'   \   :    : `----'  '--'.     /
;   |.'     |  ,     .-./\   \  /            `--'---'
'---'        `--`---'     `----'

2019-04-18 18:36:23,716 INFO The server IP list of Nacos is [172.16.238.10:8848, 172.16.238.11:8848, 172.16.238.12:8848]

2019-04-18 18:36:24,741 INFO Nacos is starting...

2019-04-18 18:36:25,826 INFO Nacos is starting...

2019-04-18 18:36:26,853 INFO Nacos is starting...

2019-04-18 18:36:27,833 INFO Nacos is starting...

2019-04-18 18:36:28,855 INFO Nacos is starting...

2019-04-18 18:36:29,889 INFO Nacos is starting...

2019-04-18 18:36:30,910 INFO Nacos is starting...

2019-04-18 18:36:31,916 INFO Nacos is starting...

2019-04-18 18:36:32,921 INFO Nacos is starting...

2019-04-18 18:36:35,315 INFO Nacos is starting...

2019-04-18 18:36:36,364 INFO Nacos is starting...

2019-04-18 18:36:37,372 INFO Nacos is starting...

2019-04-18 18:36:38,449 INFO Nacos is starting...

2019-04-18 18:36:39,470 INFO Nacos is starting...

2019-04-18 18:36:40,472 INFO Nacos is starting...

2019-04-18 18:36:41,474 INFO Nacos is starting...

2019-04-18 18:36:42,477 INFO Nacos is starting...

2019-04-18 18:36:43,615 INFO Nacos is starting...

2019-04-18 18:36:44,641 INFO Nacos is starting...

2019-04-18 18:36:45,649 INFO Nacos is starting...

2019-04-18 18:36:46,654 INFO Nacos is starting...

2019-04-18 18:36:47,656 INFO Nacos is starting...

2019-04-18 18:36:48,663 INFO Nacos is starting...

2019-04-18 18:36:49,670 INFO Nacos is starting...

2019-04-18 18:36:50,673 INFO Nacos is starting...

2019-04-18 18:36:51,676 INFO Nacos is starting...

2019-04-18 18:36:52,678 INFO Nacos is starting...

2019-04-18 18:36:53,684 INFO Nacos is starting...

2019-04-18 18:36:54,711 INFO Nacos is starting...

2019-04-18 18:36:55,751 INFO Nacos is starting...

2019-04-18 18:36:56,788 INFO Nacos is starting...

2019-04-18 18:36:57,856 INFO Nacos is starting...

2019-04-18 18:36:58,872 INFO Nacos is starting...

2019-04-18 18:36:59,882 INFO Nacos is starting...

2019-04-18 18:37:00,967 INFO Nacos is starting...

2019-04-18 18:37:01,983 INFO Nacos is starting...

2019-04-18 18:37:03,477 INFO Nacos is starting...

2019-04-18 18:37:04,793 INFO Nacos is starting...

2019-04-18 18:37:05,918 INFO Nacos is starting...

2019-04-18 18:37:07,099 INFO Nacos is starting...

2019-04-18 18:37:08,132 INFO Nacos is starting...

2019-04-18 18:37:09,206 INFO Nacos is starting...

2019-04-18 18:37:10,253 INFO Nacos is starting...

2019-04-18 18:37:11,349 INFO Nacos is starting...

2019-04-18 18:37:12,671 INFO Nacos is starting...

2019-04-18 18:37:15,710 INFO Nacos is starting...

2019-04-18 18:37:30,591 INFO Nacos is starting...

2019-04-18 18:37:36,189 INFO Nacos is starting...

2019-04-18 18:37:42,130 INFO Nacos is starting...

2019-04-18 18:38:21,297 INFO Nacos is starting...

