
         ,--.
       ,--.'|
   ,--,:  : |                                           Nacos 1.0.0
,`--.'`|  ' :                       ,---.               Running in stand alone mode, All function modules
|   :  :  | |                      '   ,'\   .--.--.    Port: 8848
:   |   \ | :  ,--.--.     ,---.  /   /   | /  /    '   Pid: 22
|   : '  '; | /       \   /     \.   ; ,. :|  :  /`./   Console: http://e26021c8fffd:8848/nacos/index.html
'   ' ;.    ;.--.  .-. | /    / ''   | |: :|  :  ;_
|   | | \   | \__\/: . ..    ' / '   | .; : \  \    `.      https://nacos.io
'   : |  ; .' ," .--.; |'   ; :__|   :    |  `----.   \
|   | '`--'  /  /  ,.  |'   | '.'|\   \  /  /  /`--'  /
'   : |     ;  :   .'   \   :    : `----'  '--'.     /
;   |.'     |  ,     .-./\   \  /            `--'---'
'---'        `--`---'     `----'

2019-04-21 22:46:41,600 INFO Bean 'org.springframework.security.config.annotation.configuration.ObjectPostProcessorConfiguration' of type [org.springframework.security.config.annotation.configuration.ObjectPostProcessorConfiguration$$EnhancerBySpringCGLIB$$2c8b79c2] is not eligible for getting processed by all BeanPostProcessors (for example: not eligible for auto-proxying)

2019-04-21 22:46:41,794 INFO Bean 'objectPostProcessor' of type [org.springframework.security.config.annotation.configuration.AutowireBeanFactoryObjectPostProcessor] is not eligible for getting processed by all BeanPostProcessors (for example: not eligible for auto-proxying)

2019-04-21 22:46:41,800 INFO Bean 'org.springframework.security.access.expression.method.DefaultMethodSecurityExpressionHandler@433defed' of type [org.springframework.security.access.expression.method.DefaultMethodSecurityExpressionHandler] is not eligible for getting processed by all BeanPostProcessors (for example: not eligible for auto-proxying)

2019-04-21 22:46:41,809 INFO Bean 'org.springframework.security.config.annotation.method.configuration.GlobalMethodSecurityConfiguration' of type [org.springframework.security.config.annotation.method.configuration.GlobalMethodSecurityConfiguration$$EnhancerBySpringCGLIB$$51601c74] is not eligible for getting processed by all BeanPostProcessors (for example: not eligible for auto-proxying)

2019-04-21 22:46:41,820 INFO Bean 'methodSecurityMetadataSource' of type [org.springframework.security.access.method.DelegatingMethodSecurityMetadataSource] is not eligible for getting processed by all BeanPostProcessors (for example: not eligible for auto-proxying)

2019-04-21 22:46:43,000 INFO Tomcat initialized with port(s): 8848 (http)

2019-04-21 22:46:43,256 INFO Root WebApplicationContext: initialization completed in 5078 ms

2019-04-21 22:46:49,341 INFO Initializing ExecutorService 'applicationTaskExecutor'

2019-04-21 22:46:49,875 INFO Adding welcome page: class path resource [static/index.html]

2019-04-21 22:46:50,522 INFO Creating filter chain: Ant [pattern='/'], []

2019-04-21 22:46:50,524 INFO Creating filter chain: Ant [pattern='/**/*.css'], []

2019-04-21 22:46:50,525 INFO Creating filter chain: Ant [pattern='/**/*.js'], []

2019-04-21 22:46:50,526 INFO Creating filter chain: Ant [pattern='/**/*.html'], []

2019-04-21 22:46:50,526 INFO Creating filter chain: Ant [pattern='/**/*.map'], []

2019-04-21 22:46:50,527 INFO Creating filter chain: Ant [pattern='/**/*.svg'], []

2019-04-21 22:46:50,527 INFO Creating filter chain: Ant [pattern='/**/*.png'], []

2019-04-21 22:46:50,528 INFO Creating filter chain: Ant [pattern='/**/*.ico'], []

2019-04-21 22:46:50,528 INFO Creating filter chain: Ant [pattern='/console-fe/public/**'], []

2019-04-21 22:46:50,529 INFO Creating filter chain: Ant [pattern='/v1/auth/login'], []

2019-04-21 22:46:50,530 INFO Creating filter chain: Ant [pattern='/v1/console/health/**'], []

2019-04-21 22:46:50,530 INFO Creating filter chain: Ant [pattern='/v1/cs/**'], []

2019-04-21 22:46:50,531 INFO Creating filter chain: Ant [pattern='/v1/ns/**'], []

2019-04-21 22:46:50,531 INFO Creating filter chain: Ant [pattern='/v1/cmdb/**'], []

2019-04-21 22:46:50,532 INFO Creating filter chain: Ant [pattern='/actuator/**'], []

2019-04-21 22:46:50,532 INFO Creating filter chain: Ant [pattern='/v1/console/server/**'], []

2019-04-21 22:46:50,591 INFO Creating filter chain: any request, [org.springframework.security.web.context.request.async.WebAsyncManagerIntegrationFilter@2e11485, org.springframework.security.web.context.SecurityContextPersistenceFilter@18230356, org.springframework.security.web.header.HeaderWriterFilter@53812a9b, org.springframework.security.web.authentication.logout.LogoutFilter@22b53226, com.alibaba.nacos.console.filter.JwtAuthenticationTokenFilter@60dce7ea, org.springframework.security.web.savedrequest.RequestCacheAwareFilter@56bca85b, org.springframework.security.web.servletapi.SecurityContextHolderAwareRequestFilter@60d1a32f, org.springframework.security.web.authentication.AnonymousAuthenticationFilter@662f5666, org.springframework.security.web.session.SessionManagementFilter@41e350f1, org.springframework.security.web.access.ExceptionTranslationFilter@4ee37ca3, org.springframework.security.web.access.intercept.FilterSecurityInterceptor@3b77a04f]

2019-04-21 22:46:50,645 INFO Exposing 16 endpoint(s) beneath base path '/actuator'

2019-04-21 22:46:50,695 INFO Initializing ExecutorService 'taskScheduler'

2019-04-21 22:46:50,862 INFO Tomcat started on port(s): 8848 (http) with context path '/nacos'

2019-04-21 22:46:50,871 INFO Nacos Log files: /home/nacos/logs/

2019-04-21 22:46:50,871 INFO Nacos Conf files: /home/nacos/conf/

2019-04-21 22:46:50,872 INFO Nacos Data files: /home/nacos/data/

2019-04-21 22:46:50,873 INFO Nacos started successfully in stand alone mode.

2019-04-21 22:46:53,828 INFO Initializing Servlet 'dispatcherServlet'

2019-04-21 22:46:53,879 INFO Completed initialization in 50 ms

